2024-07-05 01:44:21,937 - Intentando conectar a la base de datos...
2024-07-05 01:44:21,961 - Ejecutando SQL: SELECT * FROM StagingCrimeData
2024-07-05 01:45:13,105 - Extracción exitosa
2024-07-05 01:45:14,831 - Conexión cerrada
2024-07-05 01:47:43,144 - Intentando conectar a la base de datos...
2024-07-05 01:47:43,163 - Ejecutando SQL: SELECT * FROM StagingCrimeData
2024-07-05 01:48:13,617 - Extracción exitosa
2024-07-05 01:48:15,028 - Conexión cerrada
2024-07-05 01:50:13,420 - Intentando conectar a la base de datos...
2024-07-05 01:50:13,443 - Ejecutando SQL: SELECT * FROM StagingCrimeData
2024-07-05 01:50:40,794 - Extracción exitosa
2024-07-05 01:50:46,474 - Datos limpios y transformados
2024-07-05 01:50:46,474 - Iniciando carga de datos...
2024-07-05 01:50:46,736 - Error: (pyodbc.ProgrammingError) ('42S22', "[42S22] [Microsoft][ODBC Driver 17 for SQL Server][SQL Server]Invalid column name 'LOCATION'. (207) (SQLExecDirectW); [42S22] [Microsoft][ODBC Driver 17 for SQL Server][SQL Server]Invalid column name 'LOCATION'. (207); [42S22] [Microsoft][ODBC Driver 17 for SQL Server][SQL Server]Statement(s) could not be prepared. (8180)")
[SQL: INSERT INTO [CrimeData] ([DR_NO], [Date_Rptd], [DATE_OCC], [TIME_OCC], [AREA], [AREA_NAME], [Rpt_Dist_No], [Part_1_2], [Crm_Cd], [Crm_Cd_Desc], [Mocodes], [Vict_Age], [Vict_Sex], [Vict_Descent], [Premis_Cd], [Premis_Desc], [Weapon_Used_Cd], [Weapon_D ... 6416 characters truncated ... ?, ?, ?, ?, ?, ?, ?, ?, ?), (?, ?, ?, ?, ?, ?, ?, ?, ?, ?, ?, ?, ?, ?, ?, ?, ?, ?, ?, ?, ?, ?, ?, ?)]
[parameters: ('010304468', datetime.datetime(2020, 1, 8, 0, 0), datetime.datetime(2020, 1, 8, 0, 0), 2230, 3, 'Southwest', 377, 2, 624, 'BATTERY - SIMPLE ASSAULT', '0444 0913', 36, 'F', 'B', 501.0, 'SINGLE FAMILY DWELLING', 400, 'STRONG-ARM (HANDS, FIST, FEET OR BODILY FORCE)', 'AO', 'Adult Other', '1100 W 39TH PL', 'None', 34.0141, -118.2978, '0817', datetime.datetime(2020, 9, 20, 0, 0), datetime.datetime(2020, 9, 19, 0, 0), 1700, 17, 'Devonshire', 1777, 1, 510, 'VEHICLE - STOLEN', 'No aplica', 0, 'NO APLICA', 'NO APLICA', 101.0, 'STREET', 0, 'No aplica', 'IC', 'Invest Cont', '9100 RUBIO AV', 'None', 34.2367, -118.4955, '190101086', datetime.datetime(2020, 1, 2, 0, 0) ... 1988 parameters truncated ... 34.0462, -118.2585, '200100649', datetime.datetime(2020, 3, 1, 0, 0), datetime.datetime(2020, 3, 1, 0, 0), 545, 1, 'Central', 159, 1, 230, 'ASSAULT WITH DEADLY WEAPON, AGGRAVATED ASSAULT', '1218 1414 1814 2004 0913 0334 0411 1402', 50, 'M', 'B', 502.0, 'MULTI-UNIT DWELLING (APARTMENT, DUPLEX, ETC)', 201, 'KNIFE WITH BLADE OVER 6 INCHES IN LENGTH', 'AA', 'Adult Arrest', '1200 E 6TH ST', 'None', 34.0382, -118.2384, '200100650', datetime.datetime(2020, 3, 1, 0, 0), datetime.datetime(2020, 3, 1, 0, 0), 1930, 1, 'Central', 162, 2, 740, 'VANDALISM - FELONY ($400 & OVER, ALL CHURCH VANDALISMS)', '0329 1402 2024 1822 1414', 0, 'X', 'X', 507.0, 'CONDOMINIUM/TOWNHOUSE', 0, 'No aplica', 'JA', 'Juv Arrest', '8TH', 'FLOWER', 34.0473, -118.2601)]
(Background on this error at: https://sqlalche.me/e/20/f405)
2024-07-05 01:50:46,740 - Conexión cerrada
2024-07-05 01:53:36,528 - Intentando conectar a la base de datos...
2024-07-05 01:53:36,549 - Ejecutando SQL: SELECT * FROM StagingCrimeData
2024-07-05 01:54:00,306 - Extracción exitosa
2024-07-05 01:54:06,037 - Datos limpios y transformados
2024-07-05 01:54:06,038 - Iniciando carga de datos...
2024-07-05 01:54:08,677 - Fragmento 1 de 96 cargado
2024-07-05 01:54:11,576 - Fragmento 2 de 96 cargado
2024-07-05 01:54:13,876 - Fragmento 3 de 96 cargado
2024-07-05 01:54:16,906 - Fragmento 4 de 96 cargado
2024-07-05 01:54:19,620 - Fragmento 5 de 96 cargado
2024-07-05 01:54:21,727 - Fragmento 6 de 96 cargado
2024-07-05 01:54:24,460 - Fragmento 7 de 96 cargado
2024-07-05 01:54:26,483 - Fragmento 8 de 96 cargado
2024-07-05 01:54:28,357 - Fragmento 9 de 96 cargado
2024-07-05 01:54:30,404 - Fragmento 10 de 96 cargado
2024-07-05 01:54:32,834 - Fragmento 11 de 96 cargado
2024-07-05 01:54:35,472 - Fragmento 12 de 96 cargado
2024-07-05 01:54:37,349 - Fragmento 13 de 96 cargado
2024-07-05 01:54:40,199 - Fragmento 14 de 96 cargado
2024-07-05 01:54:42,390 - Fragmento 15 de 96 cargado
2024-07-05 01:54:44,265 - Fragmento 16 de 96 cargado
2024-07-05 01:54:45,958 - Fragmento 17 de 96 cargado
2024-07-05 01:54:48,244 - Fragmento 18 de 96 cargado
2024-07-05 01:54:50,978 - Fragmento 19 de 96 cargado
2024-07-05 01:54:53,529 - Fragmento 20 de 96 cargado
2024-07-05 01:54:55,958 - Fragmento 21 de 96 cargado
2024-07-05 01:54:59,291 - Fragmento 22 de 96 cargado
2024-07-05 01:55:04,265 - Fragmento 23 de 96 cargado
2024-07-05 01:55:09,271 - Fragmento 24 de 96 cargado
2024-07-05 01:55:13,191 - Fragmento 25 de 96 cargado
2024-07-05 01:55:16,106 - Fragmento 26 de 96 cargado
2024-07-05 01:55:18,519 - Fragmento 27 de 96 cargado
2024-07-05 01:55:20,445 - Fragmento 28 de 96 cargado
2024-07-05 01:55:22,815 - Fragmento 29 de 96 cargado
2024-07-05 01:55:25,292 - Fragmento 30 de 96 cargado
2024-07-05 01:55:27,838 - Fragmento 31 de 96 cargado
2024-07-05 01:55:31,872 - Fragmento 32 de 96 cargado
2024-07-05 01:55:38,053 - Fragmento 33 de 96 cargado
2024-07-05 01:55:41,231 - Fragmento 34 de 96 cargado
2024-07-05 01:55:43,708 - Fragmento 35 de 96 cargado
2024-07-05 01:55:45,858 - Fragmento 36 de 96 cargado
2024-07-05 01:55:48,216 - Fragmento 37 de 96 cargado
2024-07-05 01:55:50,592 - Fragmento 38 de 96 cargado
2024-07-05 01:55:52,771 - Fragmento 39 de 96 cargado
2024-07-05 01:55:54,857 - Fragmento 40 de 96 cargado
2024-07-05 01:55:57,602 - Fragmento 41 de 96 cargado
2024-07-05 01:55:59,884 - Fragmento 42 de 96 cargado
2024-07-05 01:56:02,074 - Fragmento 43 de 96 cargado
2024-07-05 01:56:04,572 - Fragmento 44 de 96 cargado
2024-07-05 01:56:06,742 - Fragmento 45 de 96 cargado
2024-07-05 01:56:10,166 - Fragmento 46 de 96 cargado
2024-07-05 01:56:12,347 - Fragmento 47 de 96 cargado
2024-07-05 01:56:15,284 - Fragmento 48 de 96 cargado
2024-07-05 01:56:18,751 - Fragmento 49 de 96 cargado
2024-07-05 01:56:23,277 - Fragmento 50 de 96 cargado
2024-07-05 01:56:25,802 - Fragmento 51 de 96 cargado
2024-07-05 01:56:27,658 - Fragmento 52 de 96 cargado
2024-07-05 01:56:31,180 - Fragmento 53 de 96 cargado
2024-07-05 01:56:37,596 - Fragmento 54 de 96 cargado
2024-07-05 01:56:41,529 - Fragmento 55 de 96 cargado
2024-07-05 01:56:43,405 - Fragmento 56 de 96 cargado
2024-07-05 01:56:48,688 - Fragmento 57 de 96 cargado
2024-07-05 01:56:53,539 - Fragmento 58 de 96 cargado
2024-07-05 01:56:58,354 - Fragmento 59 de 96 cargado
2024-07-05 01:57:02,962 - Fragmento 60 de 96 cargado
2024-07-05 01:57:06,379 - Fragmento 61 de 96 cargado
2024-07-05 01:57:10,621 - Fragmento 62 de 96 cargado
2024-07-05 01:57:14,775 - Fragmento 63 de 96 cargado
2024-07-05 01:57:20,274 - Fragmento 64 de 96 cargado
2024-07-05 01:57:27,119 - Fragmento 65 de 96 cargado
2024-07-05 01:57:29,437 - Fragmento 66 de 96 cargado
2024-07-05 01:57:34,431 - Fragmento 67 de 96 cargado
2024-07-05 01:57:38,324 - Fragmento 68 de 96 cargado
2024-07-05 01:57:41,831 - Fragmento 69 de 96 cargado
2024-07-05 01:57:44,994 - Fragmento 70 de 96 cargado
2024-07-05 01:57:49,067 - Fragmento 71 de 96 cargado
2024-07-05 01:57:51,906 - Fragmento 72 de 96 cargado
2024-07-05 01:57:53,434 - Fragmento 73 de 96 cargado
2024-07-05 01:57:56,035 - Fragmento 74 de 96 cargado
2024-07-05 01:57:59,746 - Fragmento 75 de 96 cargado
2024-07-05 01:58:04,866 - Fragmento 76 de 96 cargado
2024-07-05 01:58:09,260 - Fragmento 77 de 96 cargado
2024-07-05 01:58:13,917 - Fragmento 78 de 96 cargado
2024-07-05 01:58:18,029 - Fragmento 79 de 96 cargado
2024-07-05 01:58:20,913 - Fragmento 80 de 96 cargado
2024-07-05 01:58:25,016 - Fragmento 81 de 96 cargado
2024-07-05 01:58:28,473 - Fragmento 82 de 96 cargado
2024-07-05 01:58:32,460 - Fragmento 83 de 96 cargado
2024-07-05 01:58:34,593 - Fragmento 84 de 96 cargado
2024-07-05 01:58:37,177 - Fragmento 85 de 96 cargado
2024-07-05 01:58:39,262 - Fragmento 86 de 96 cargado
2024-07-05 01:58:42,325 - Fragmento 87 de 96 cargado
2024-07-05 01:58:45,519 - Fragmento 88 de 96 cargado
2024-07-05 01:58:47,848 - Fragmento 89 de 96 cargado
2024-07-05 01:58:49,690 - Fragmento 90 de 96 cargado
2024-07-05 01:58:51,865 - Fragmento 91 de 96 cargado
2024-07-05 01:58:55,323 - Fragmento 92 de 96 cargado
2024-07-05 01:58:57,564 - Fragmento 93 de 96 cargado
2024-07-05 01:59:01,048 - Fragmento 94 de 96 cargado
2024-07-05 01:59:03,748 - Fragmento 95 de 96 cargado
2024-07-05 01:59:04,063 - Fragmento 96 de 96 cargado
2024-07-05 01:59:04,063 - Datos cargados a la base de datos final de SQL Server
2024-07-05 01:59:04,064 - Conexión cerrada
2024-07-05 03:18:12,530 - Intentando conectar a la base de datos...
2024-07-05 03:18:12,557 - Ejecutando SQL: SELECT * FROM StagingCrimeData
2024-07-05 03:18:38,924 - Extracción exitosa
2024-07-05 03:18:48,034 - Datos limpios y transformados
2024-07-05 03:18:48,034 - Iniciando carga de datos...
2024-07-05 03:18:50,911 - Fragmento 1 de 96 cargado
2024-07-05 03:18:52,568 - Fragmento 2 de 96 cargado
2024-07-05 03:18:54,295 - Fragmento 3 de 96 cargado
2024-07-05 03:18:56,355 - Fragmento 4 de 96 cargado
2024-07-05 03:18:58,751 - Fragmento 5 de 96 cargado
2024-07-05 03:19:01,694 - Fragmento 6 de 96 cargado
2024-07-05 03:19:05,544 - Fragmento 7 de 96 cargado
2024-07-05 03:19:07,887 - Fragmento 8 de 96 cargado
2024-07-05 03:19:08,022 - Error: Can't reconnect until invalid transaction is rolled back.  Please rollback() fully before proceeding (Background on this error at: https://sqlalche.me/e/20/8s2b)
2024-07-05 03:19:08,023 - Conexión cerrada
